<?xml version="1.0" encoding="UTF-8"?>
<testng-results skipped="0" failed="0" ignored="0" total="1" passed="1">
  <reporter-output>
  </reporter-output>
  <suite name="Suite" duration-ms="33947" started-at="2018-12-07T18:13:01Z" finished-at="2018-12-07T18:13:34Z">
    <groups>
    </groups>
    <test name="Test" duration-ms="33947" started-at="2018-12-07T18:13:01Z" finished-at="2018-12-07T18:13:34Z">
      <class name="demo.ExtentReport_Demo">
        <test-method status="PASS" signature="reporting()[pri:0, instance:demo.ExtentReport_Demo@1060b431]" name="reporting" is-config="true" duration-ms="628" started-at="2018-12-07T18:13:00Z" finished-at="2018-12-07T18:13:01Z">
          <reporter-output>
          </reporter-output>
        </test-method> <!-- reporting -->
        <test-method status="PASS" signature="startBrowser()[pri:0, instance:demo.ExtentReport_Demo@1060b431]" name="startBrowser" is-config="true" duration-ms="28326" started-at="2018-12-07T18:13:01Z" finished-at="2018-12-07T18:13:29Z">
          <reporter-output>
          </reporter-output>
        </test-method> <!-- startBrowser -->
        <test-method status="PASS" signature="setUpReporting()[pri:0, instance:demo.ExtentReport_Demo@1060b431]" name="setUpReporting" is-config="true" duration-ms="7" started-at="2018-12-07T18:13:29Z" finished-at="2018-12-07T18:13:29Z">
          <reporter-output>
          </reporter-output>
        </test-method> <!-- setUpReporting -->
        <test-method status="PASS" signature="verifyHRM()[pri:0, instance:demo.ExtentReport_Demo@1060b431]" name="verifyHRM" duration-ms="1892" started-at="2018-12-07T18:13:29Z" finished-at="2018-12-07T18:13:31Z">
          <reporter-output>
          </reporter-output>
        </test-method> <!-- verifyHRM -->
        <test-method status="PASS" signature="endReporting()[pri:0, instance:demo.ExtentReport_Demo@1060b431]" name="endReporting" is-config="true" duration-ms="6" started-at="2018-12-07T18:13:31Z" finished-at="2018-12-07T18:13:31Z">
          <reporter-output>
          </reporter-output>
        </test-method> <!-- endReporting -->
        <test-method status="PASS" signature="tearDown()[pri:0, instance:demo.ExtentReport_Demo@1060b431]" name="tearDown" is-config="true" duration-ms="3645" started-at="2018-12-07T18:13:31Z" finished-at="2018-12-07T18:13:34Z">
          <reporter-output>
          </reporter-output>
        </test-method> <!-- tearDown -->
        <test-method status="PASS" signature="closeReport()[pri:0, instance:demo.ExtentReport_Demo@1060b431]" name="closeReport" is-config="true" duration-ms="539" started-at="2018-12-07T18:13:35Z" finished-at="2018-12-07T18:13:35Z">
          <reporter-output>
          </reporter-output>
        </test-method> <!-- closeReport -->
      </class> <!-- demo.ExtentReport_Demo -->
    </test> <!-- Test -->
  </suite> <!-- Suite -->
</testng-results>
